============================= test session starts =============================
platform win32 -- Python 3.9.1, pytest-6.2.5, py-1.11.0, pluggy-1.0.0 -- c:\users\harris\desktop\formation crap\p11_foster_harris\gudlft\env\scripts\python.exe
cachedir: .pytest_cache
rootdir: C:\Users\Harris\Desktop\Formation crap\P11_FOSTER_Harris\gudlft
plugins: flask-1.2.0
collecting ... collected 9 items

tests/integration_tests/test_server_integration.py::test_user_cannot_book_more_than_points_available PASSED [ 11%]
tests/integration_tests/test_server_integration.py::test_user_cannot_book_more_than_12 PASSED [ 22%]
tests/integration_tests/test_server_integration.py::test_point_changes_are_reflected PASSED [ 33%]
tests/integration_tests/test_server_integration.py::test_user_cannot_book_past_event PASSED [ 44%]
tests/integration_tests/test_server_integration.py::test_one_place_costs_3 PASSED [ 55%]
tests/unit_tests/test_server_unit.py::test_connection_with_unregistered_email PASSED [ 66%]
tests/unit_tests/test_server_unit.py::test_connection_with_registered_email PASSED [ 77%]
tests/unit_tests/test_server_unit.py::test_logout PASSED                 [ 88%]
tests/unit_tests/test_server_unit.py::test_points_display PASSED         [100%]

============================== 9 passed in 0.10s ==============================
